\BOOKMARK [0][-]{section*.1}{\376\377\000R\000E\000S\000U\000M\000E\000N}{}% 1
\BOOKMARK [0][-]{section*.2}{\376\377\000A\000B\000S\000T\000R\000A\000C\000T}{}% 2
\BOOKMARK [0][-]{section*.4}{\376\377\000L\000I\000S\000T\000A\000\040\000D\000E\000\040\000F\000I\000G\000U\000R\000A\000S}{}% 3
\BOOKMARK [0][-]{section*.5}{\376\377\000L\000I\000S\000T\000A\000\040\000D\000E\000\040\000C\000U\000A\000D\000R\000O\000S}{}% 4
\BOOKMARK [0][-]{chapter.1}{\376\377\000C\000A\000P\000\315\000T\000U\000L\000O\000\040\0001\000.\000\040\000\040\000I\000N\000T\000R\000O\000D\000U\000C\000C\000I\000\323\000N}{}% 5
\BOOKMARK [1][-]{section.1.1}{\376\377\000O\000b\000j\000e\000t\000i\000v\000o\000s}{chapter.1}% 6
\BOOKMARK [1][-]{section.1.2}{\376\377\000H\000i\000p\000\363\000t\000e\000s\000i\000s}{chapter.1}% 7
\BOOKMARK [0][-]{chapter.2}{\376\377\000C\000A\000P\000\315\000T\000U\000L\000O\000\040\0002\000.\000\040\000\040\000R\000E\000V\000I\000S\000I\000\323\000N\000\040\000D\000E\000\040\000L\000I\000T\000E\000R\000A\000T\000U\000R\000A}{}% 8
\BOOKMARK [1][-]{section.2.1}{\376\377\000D\000i\000s\000t\000r\000i\000b\000u\000c\000i\000\363\000n\000\040\000n\000o\000r\000m\000a\000l\000\040\000a\000s\000i\000m\000\351\000t\000r\000i\000c\000a\000\040\000y\000\040\000t\000r\000u\000n\000c\000a\000m\000i\000e\000n\000t\000o\000\040\000o\000c\000u\000l\000t\000o}{chapter.2}% 9
\BOOKMARK [2][-]{subsection.2.1.1}{\376\377\000D\000i\000s\000t\000r\000i\000b\000u\000c\000i\000\363\000n\000\040\000n\000o\000r\000m\000a\000l\000\040\000a\000s\000i\000m\000\351\000t\000r\000i\000c\000a}{section.2.1}% 10
\BOOKMARK [2][-]{subsection.2.1.2}{\376\377\000D\000i\000s\000t\000r\000i\000b\000u\000c\000i\000\363\000n\000\040\000n\000o\000r\000m\000a\000l\000\040\000a\000s\000i\000m\000\351\000t\000r\000i\000c\000a\000\040\000m\000u\000l\000t\000i\000v\000a\000r\000i\000a\000d\000a}{section.2.1}% 11
\BOOKMARK [2][-]{subsection.2.1.3}{\376\377\000D\000i\000s\000t\000r\000i\000b\000u\000c\000i\000\363\000n\000\040\000n\000o\000r\000m\000a\000l\000\040\000a\000s\000i\000m\000\351\000t\000r\000i\000c\000a\000:\000\040\000p\000a\000r\000a\000m\000e\000t\000r\000i\000z\000a\000c\000i\000\363\000n\000\040\000c\000e\000n\000t\000r\000a\000d\000a}{section.2.1}% 12
\BOOKMARK [2][-]{subsection.2.1.4}{\376\377\000D\000i\000s\000t\000r\000i\000b\000u\000c\000i\000\363\000n\000\040\000n\000o\000r\000m\000a\000l\000\040\000a\000s\000i\000m\000\351\000t\000r\000i\000c\000a\000\040\000m\000u\000l\000t\000i\000v\000a\000r\000i\000a\000d\000a\000:\000\040\000p\000a\000r\000a\000m\000e\000t\000r\000i\000z\000a\000c\000i\000\363\000n\000\040\000c\000e\000n\000t\000r\000a\000d\000a}{section.2.1}% 13
\BOOKMARK [2][-]{subsection.2.1.5}{\376\377\000P\000r\000o\000c\000e\000s\000o\000\040\000d\000e\000\040\000t\000r\000u\000n\000c\000a\000m\000i\000e\000n\000t\000o\000\040\000o\000c\000u\000l\000t\000o}{section.2.1}% 14
\BOOKMARK [2][-]{subsection.2.1.6}{\376\377\000R\000e\000p\000r\000e\000s\000e\000n\000t\000a\000c\000i\000\363\000n\000\040\000a\000l\000t\000e\000r\000n\000a\000t\000i\000v\000a}{section.2.1}% 15
\BOOKMARK [1][-]{section.2.2}{\376\377\000I\000n\000f\000e\000r\000e\000n\000c\000i\000a\000\040\000B\000a\000y\000e\000s\000i\000a\000n\000a}{chapter.2}% 16
\BOOKMARK [2][-]{subsection.2.2.1}{\376\377\000E\000s\000t\000i\000m\000a\000d\000o\000r\000e\000s\000\040\000B\000a\000y\000e\000s\000i\000a\000n\000o\000s}{section.2.2}% 17
\BOOKMARK [2][-]{subsection.2.2.2}{\376\377\000M\000\351\000t\000o\000d\000o\000s\000\040\000d\000e\000\040\000M\000o\000n\000t\000e\000\040\000C\000a\000r\000l\000o}{section.2.2}% 18
\BOOKMARK [2][-]{subsection.2.2.3}{\376\377\000C\000a\000d\000e\000n\000a\000s\000\040\000d\000e\000\040\000M\000a\000r\000k\000o\000v\000\040\000e\000n\000\040\000u\000n\000\040\000e\000s\000p\000a\000c\000i\000o\000\040\000d\000e\000\040\000e\000s\000t\000a\000d\000o\000s\000\040\000g\000e\000n\000e\000r\000a\000l}{section.2.2}% 19
\BOOKMARK [2][-]{subsection.2.2.4}{\376\377\000M\000\351\000t\000o\000d\000o\000s\000\040\000M\000a\000r\000k\000o\000v\000\040\000C\000h\000a\000i\000n\000\040\000M\000o\000n\000t\000e\000\040\000C\000a\000r\000l\000o}{section.2.2}% 20
\BOOKMARK [2][-]{subsection.2.2.5}{\376\377\000A\000l\000g\000o\000r\000i\000t\000m\000o\000\040\000H\000a\000m\000i\000l\000t\000o\000n\000i\000a\000n\000\040\000M\000o\000n\000t\000e\000\040\000C\000a\000r\000l\000o}{section.2.2}% 21
\BOOKMARK [2][-]{subsection.2.2.6}{\376\377\000E\000j\000e\000m\000p\000l\000o\000\040\0001\000:\000\040\000a\000p\000r\000o\000x\000i\000m\000a\000n\000d\000o\000\040\000u\000n\000a\000\040\000d\000i\000s\000t\000r\000i\000b\000u\000c\000i\000\363\000n\000\040\000n\000o\000r\000m\000a\000l\000\040\000b\000i\000v\000a\000r\000i\000a\000d\000a}{section.2.2}% 22
\BOOKMARK [1][-]{section.2.3}{\376\377\000I\000n\000f\000e\000r\000e\000n\000c\000i\000a\000\040\000B\000a\000y\000e\000s\000i\000a\000n\000a\000\040\000v\000a\000r\000i\000a\000c\000i\000o\000n\000a\000l}{chapter.2}% 23
\BOOKMARK [2][-]{subsection.2.3.1}{\376\377\000D\000i\000v\000e\000r\000g\000e\000n\000c\000i\000a\000\040\000K\000u\000l\000l\000b\000a\000c\000k\000-\000L\000e\000i\000b\000l\000e\000r}{section.2.3}% 24
\BOOKMARK [2][-]{subsection.2.3.2}{\376\377\000E\000j\000e\000m\000p\000l\000o\000:\000\040\000d\000i\000v\000e\000r\000g\000e\000n\000c\000i\000a\000\040\000K\000L\000\040\000e\000n\000t\000r\000e\000\040\000l\000a\000s\000\040\000d\000e\000n\000s\000i\000d\000a\000d\000e\000s\000\040\000n\000o\000r\000m\000a\000l\000\040\000y\000\040\000n\000o\000r\000m\000a\000l\000\040\000a\000s\000i\000m\000\351\000t\000r\000i\000c\000a}{section.2.3}% 25
\BOOKMARK [2][-]{subsection.2.3.3}{\376\377\000L\000\355\000m\000i\000t\000e\000\040\000i\000n\000f\000e\000r\000i\000o\000r\000\040\000d\000e\000\040\000l\000a\000\040\000e\000v\000i\000d\000e\000n\000c\000i\000a}{section.2.3}% 26
\BOOKMARK [2][-]{subsection.2.3.4}{\376\377\000R\000e\000s\000t\000r\000i\000c\000c\000i\000\363\000n\000\040\000C\000a\000m\000p\000o\000\040\000M\000e\000d\000i\000o}{section.2.3}% 27
\BOOKMARK [2][-]{subsection.2.3.5}{\376\377\000A\000l\000g\000o\000r\000i\000t\000m\000o\000\040\000I\000n\000f\000e\000r\000e\000n\000c\000i\000a\000\040\000V\000a\000r\000i\000a\000c\000i\000o\000n\000a\000l\000\040\000p\000o\000r\000\040\000A\000s\000c\000e\000n\000s\000o\000\040\000d\000e\000\040\000C\000o\000o\000r\000d\000e\000n\000a\000d\000a\000s}{section.2.3}% 28
\BOOKMARK [2][-]{subsection.2.3.6}{\376\377\000E\000j\000e\000m\000p\000l\000o\000\040\0001\000:\000\040\000a\000p\000r\000o\000x\000i\000m\000a\000n\000d\000o\000\040\000u\000n\000a\000\040\000d\000i\000s\000t\000r\000i\000b\000u\000c\000i\000\363\000n\000\040\000n\000o\000r\000m\000a\000l\000\040\000b\000i\000v\000a\000r\000i\000a\000d\000a\000\040\000\050\000r\000e\000v\000i\000s\000i\000t\000a\000d\000o\000\051}{section.2.3}% 29
\BOOKMARK [2][-]{subsection.2.3.7}{\376\377\000E\000j\000e\000m\000p\000l\000o\000\040\0002\000:\000\040\000i\000n\000f\000e\000r\000e\000n\000c\000i\000a\000\040\000p\000a\000r\000a\000\040\000l\000a\000\040\000d\000i\000s\000t\000r\000i\000b\000u\000c\000i\000\363\000n\000\040\000n\000o\000r\000m\000a\000l}{section.2.3}% 30
\BOOKMARK [2][-]{subsection.2.3.8}{\376\377\000E\000j\000e\000m\000p\000l\000o\000\040\0003\000:\000\040\000i\000n\000f\000e\000r\000e\000n\000c\000i\000a\000\040\000p\000a\000r\000a\000\040\000l\000a\000\040\000d\000i\000s\000t\000r\000i\000b\000u\000c\000i\000\363\000n\000\040\000n\000o\000r\000m\000a\000l\000\040\000a\000s\000i\000m\000\351\000t\000r\000i\000c\000a}{section.2.3}% 31
\BOOKMARK [2][-]{subsection.2.3.9}{\376\377\000R\000e\000s\000t\000r\000i\000c\000c\000i\000\363\000n\000\040\000F\000o\000r\000m\000a\000\040\000F\000i\000j\000a}{section.2.3}% 32
\BOOKMARK [2][-]{subsection.2.3.10}{\376\377\000E\000j\000e\000m\000p\000l\000o\000\040\0003\000:\000\040\000i\000n\000f\000e\000r\000e\000n\000c\000i\000a\000\040\000p\000a\000r\000a\000\040\000l\000a\000\040\000d\000i\000s\000t\000r\000i\000b\000u\000c\000i\000\363\000n\000\040\000n\000o\000r\000m\000a\000l\000\040\000a\000s\000i\000m\000\351\000t\000r\000i\000c\000a\000\040\000\050\000r\000e\000v\000i\000s\000i\000t\000a\000d\000o\000\051}{section.2.3}% 33
\BOOKMARK [2][-]{subsection.2.3.11}{\376\377\000A\000D\000V\000I\000:\000\040\000A\000u\000t\000o\000m\000a\000t\000i\000c\000\040\000D\000i\000f\000f\000e\000r\000e\000n\000t\000i\000a\000t\000i\000o\000n\000\040\000V\000a\000r\000i\000a\000t\000i\000o\000n\000a\000l\000\040\000I\000n\000f\000e\000r\000e\000n\000c\000e}{section.2.3}% 34
\BOOKMARK [3][-]{table.2.3}{\376\377\000A\000s\000p\000e\000c\000t\000o\000s\000\040\000d\000e\000l\000\040\000a\000l\000g\000o\000r\000i\000t\000m\000o\000\040\000A\000D\000V\000I}{subsection.2.3.11}% 35
\BOOKMARK [3][-]{equation.2.71}{\376\377\000A\000l\000g\000o\000r\000i\000t\000m\000o\000\040\000A\000D\000V\000I}{subsection.2.3.11}% 36
\BOOKMARK [0][-]{chapter.3}{\376\377\000C\000A\000P\000\315\000T\000U\000L\000O\000\040\0003\000.\000\040\000\040\000M\000E\000T\000O\000D\000O\000L\000O\000G\000\315\000A}{}% 37
\BOOKMARK [1][-]{section.3.1}{\376\377\000D\000e\000s\000c\000r\000i\000p\000c\000i\000\363\000n\000\040\000d\000e\000\040\000l\000o\000s\000\040\000m\000o\000d\000e\000l\000o\000s\000\040\000e\000n\000\040\000\341\000r\000e\000a\000s\000\040\000p\000e\000q\000u\000e\000\361\000a\000s}{chapter.3}% 38
\BOOKMARK [2][-]{subsection.3.1.1}{\376\377\000M\000o\000d\000e\000l\000o\000\040\000a\000\040\000n\000i\000v\000e\000l\000\040\000u\000n\000i\000d\000a\000d\000\040\000c\000o\000n\000\040\000e\000r\000r\000o\000r\000\040\000a\000n\000i\000d\000a\000d\000o}{section.3.1}% 39
\BOOKMARK [1][-]{section.3.2}{\376\377\000M\000o\000d\000e\000l\000o\000\040\000l\000o\000g\000-\000n\000o\000r\000m\000a\000l\000\040\000s\000e\000s\000g\000a\000d\000o}{chapter.3}% 40
\BOOKMARK [1][-]{section.3.3}{\376\377\000M\000o\000d\000e\000l\000o\000\040\000p\000r\000o\000b\000i\000t\000\040\000s\000e\000s\000g\000a\000d\000o\000\040\000l\000a\000t\000e\000n\000t\000e}{chapter.3}% 41
\BOOKMARK [1][-]{section.3.4}{\376\377\000M\000o\000d\000e\000l\000o\000\040\000p\000r\000o\000b\000i\000t\000\040\000o\000r\000d\000e\000n\000a\000d\000o\000\040\000s\000e\000s\000g\000a\000d\000o\000\040\000l\000a\000t\000e\000n\000t\000e}{chapter.3}% 42
\BOOKMARK [1][-]{section.3.5}{\376\377\000D\000i\000s\000t\000r\000i\000b\000u\000c\000i\000\363\000n\000\040\000a\000\040\000p\000r\000i\000o\000r\000i\000\040\000d\000e\000\040\000r\000e\000f\000e\000r\000e\000n\000c\000i\000a}{chapter.3}% 43
\BOOKMARK [1][-]{section.3.6}{\376\377\000D\000i\000s\000t\000r\000i\000b\000u\000c\000i\000\363\000n\000\040\000a\000\040\000p\000r\000i\000o\000r\000i\000\040\000p\000a\000r\000a\000\040\000l\000a\000\040\000b\000\372\000s\000q\000u\000e\000d\000a\000\040\000e\000s\000t\000o\000c\000\341\000s\000t\000i\000c\000a\000\040\000d\000e\000\040\000v\000a\000r\000i\000a\000b\000l\000e\000s}{chapter.3}% 44
\BOOKMARK [1][-]{section.3.7}{\376\377\000D\000i\000s\000t\000r\000i\000b\000u\000c\000i\000\363\000n\000\040\000a\000\040\000p\000o\000s\000t\000e\000r\000i\000o\000r\000i}{chapter.3}% 45
\BOOKMARK [1][-]{section.3.8}{\376\377\000P\000r\000e\000d\000i\000c\000c\000i\000\363\000n\000\040\000d\000e\000\040\000n\000u\000e\000v\000a\000s\000\040\000o\000b\000s\000e\000r\000v\000a\000c\000i\000o\000n\000e\000s\000\040\000\050\000n\000i\000>\0000\000\040\000y\000\040\000n\000i\000=\0000\000\051}{chapter.3}% 46
\BOOKMARK [1][-]{section.3.9}{\376\377\000I\000m\000p\000l\000e\000m\000e\000n\000t\000a\000c\000i\000\363\000n\000\040\000c\000o\000n\000\040\000m\000\351\000t\000o\000d\000o\000s\000\040}{chapter.3}% 47
\BOOKMARK [1][-]{section.3.10}{\376\377\000I\000m\000p\000l\000e\000m\000e\000n\000t\000a\000c\000i\000\363\000n\000\040\000e\000n\000\040\000S\000t\000a\000n}{chapter.3}% 48
\BOOKMARK [2][-]{subsection.3.10.1}{\376\377\000M\000o\000d\000e\000l\000o\000\040\000l\000o\000g\000-\000n\000o\000r\000m\000a\000l\000\040\000s\000e\000s\000g\000a\000d\000o\000\040\000c\000e\000n\000t\000r\000a\000d\000o}{section.3.10}% 49
\BOOKMARK [2][-]{subsection.3.10.2}{\376\377\000M\000o\000d\000e\000l\000o\000\040\000p\000r\000o\000b\000i\000t\000\040\000o\000r\000d\000e\000n\000a\000d\000o\000\040\000s\000e\000s\000g\000a\000d\000o\000\040\000l\000a\000t\000e\000n\000t\000e\000\040\000c\000e\000n\000t\000r\000a\000d\000o}{section.3.10}% 50
\BOOKMARK [2][-]{subsection.3.10.3}{\376\377\000M\000o\000d\000e\000l\000o\000\040\000p\000r\000o\000b\000i\000t\000\040\000s\000e\000s\000g\000a\000d\000o\000\040\000l\000a\000t\000e\000n\000t\000e\000\040\000c\000e\000n\000t\000r\000a\000d\000o}{section.3.10}% 51
\BOOKMARK [1][-]{section.3.11}{\376\377\000S\000i\000m\000u\000l\000a\000c\000i\000\363\000n\000\040\000y\000\040\000c\000a\000n\000t\000i\000d\000a\000d\000e\000s\000\040\000d\000e\000\040\000i\000n\000t\000e\000r\000\351\000s}{chapter.3}% 52
\BOOKMARK [1][-]{section.3.12}{\376\377\000C\000a\000s\000o\000\040\000d\000e\000\040\000e\000s\000t\000u\000d\000i\000o\000:\000\040\000m\000e\000d\000i\000c\000i\000\363\000n\000\040\000d\000e\000\040\000l\000a\000\040\000p\000o\000b\000r\000e\000z\000a}{chapter.3}% 53
\BOOKMARK [2][-]{subsection.3.12.1}{\376\377\000A\000n\000t\000e\000c\000e\000d\000e\000n\000t\000e\000s}{section.3.12}% 54
\BOOKMARK [2][-]{subsection.3.12.2}{\376\377\000F\000u\000e\000n\000t\000e\000s\000\040\000d\000e\000\040\000i\000n\000f\000o\000r\000m\000a\000c\000i\000\363\000n\000\040\000y\000\040\000p\000r\000o\000c\000e\000s\000a\000m\000i\000e\000n\000t\000o}{section.3.12}% 55
\BOOKMARK [2][-]{subsection.3.12.3}{\376\377\000R\000u\000t\000a\000\040\000d\000e\000\040\000t\000r\000a\000b\000a\000j\000o}{section.3.12}% 56
\BOOKMARK [0][-]{chapter.4}{\376\377\000C\000A\000P\000\315\000T\000U\000L\000O\000\040\0004\000.\000\040\000\040\000R\000E\000S\000U\000L\000T\000A\000D\000O\000S}{}% 57
\BOOKMARK [1][-]{section.4.1}{\376\377\000E\000f\000e\000c\000t\000o\000\040\000d\000e\000\040\000i\000\040\000c\000o\000n\000\040\000i}{chapter.4}% 58
\BOOKMARK [1][-]{section.4.2}{\376\377\000A\000j\000u\000s\000t\000e\000\040\000d\000e\000\040\000l\000o\000s\000\040\000m\000o\000d\000e\000l\000o\000s\000\040\000d\000e\000\040\000r\000e\000g\000r\000e\000s\000i\000\363\000n\000\040\000s\000i\000n\000\040\000r\000e\000e\000s\000t\000r\000i\000c\000c\000i\000\363\000n\000\040\000e\000n\000\040\000i}{chapter.4}% 59
\BOOKMARK [2][-]{subsection.4.2.1}{\376\377\000M\000o\000d\000e\000l\000o\000\040\000l\000o\000g\000-\000n\000o\000r\000m\000a\000l\000\040\000s\000e\000s\000g\000a\000d\000o}{section.4.2}% 60
\BOOKMARK [2][-]{subsection.4.2.2}{\376\377\000M\000o\000d\000e\000l\000o\000\040\000p\000r\000o\000b\000i\000t\000\040\000s\000e\000s\000g\000a\000d\000o\000\040\000c\000o\000n\000\040\000v\000a\000r\000i\000a\000b\000l\000e\000\040\000l\000a\000t\000e\000n\000t\000e}{section.4.2}% 61
\BOOKMARK [2][-]{subsection.4.2.3}{\376\377\000M\000o\000d\000e\000l\000o\000\040\000p\000r\000o\000b\000i\000t\000\040\000o\000r\000d\000e\000n\000a\000d\000o\000\040\000s\000e\000s\000g\000a\000d\000o\000\040\000c\000o\000n\000\040\000v\000a\000r\000i\000a\000b\000l\000e\000\040\000l\000a\000t\000e\000n\000t\000e}{section.4.2}% 62
\BOOKMARK [1][-]{section.4.3}{\376\377\000A\000j\000u\000s\000t\000e\000\040\000d\000e\000l\000\040\000M\000o\000d\000e\000l\000o\000\040\000l\000o\000g\000-\000n\000o\000r\000m\000a\000l\000\040\000s\000e\000s\000g\000a\000d\000o\000,\000\040\000d\000a\000t\000o\000s\000\040\000s\000i\000m\000u\000l\000a\000d\000o\000s}{chapter.4}% 63
\BOOKMARK [2][-]{subsection.4.3.1}{\376\377\000M\000o\000d\000e\000l\000o\000s\000\040\000c\000o\000n\000\040\000i\000n\000t\000e\000r\000c\000e\000p\000t\000o\000s\000\040\000e\000n\000\040\000c\000a\000d\000a\000\040\000\341\000r\000e\000a\000\040\000p\000e\000q\000u\000e\000\361\000a}{section.4.3}% 64
\BOOKMARK [1][-]{section.4.4}{\376\377\000A\000j\000u\000s\000t\000e\000\040\000d\000e\000l\000\040\000M\000o\000d\000e\000l\000o\000\040\000p\000r\000o\000b\000i\000t\000\040\000s\000e\000s\000g\000a\000d\000o\000\040\000c\000o\000n\000\040\000v\000a\000r\000i\000a\000b\000l\000e\000\040\000l\000a\000t\000e\000n\000t\000e\000,\000\040\000d\000a\000t\000o\000s\000\040\000s\000i\000m\000u\000l\000a\000d\000o\000s}{chapter.4}% 65
\BOOKMARK [2][-]{subsection.4.4.1}{\376\377\000M\000o\000d\000e\000l\000o\000s\000\040\000s\000i\000n\000\040\000i\000n\000t\000e\000r\000c\000e\000p\000t\000o\000s\000\040\000e\000n\000\040\000c\000\341\000d\000a\000\040\000\341\000r\000e\000a\000\040\000p\000e\000q\000u\000e\000\361\000a}{section.4.4}% 66
\BOOKMARK [2][-]{subsection.4.4.2}{\376\377\000M\000o\000d\000e\000l\000o\000s\000\040\000c\000o\000n\000\040\000i\000n\000t\000e\000r\000c\000e\000p\000t\000o\000s\000\040\000e\000n\000\040\000c\000a\000d\000a\000\040\000\341\000r\000e\000a\000\040\000p\000e\000q\000u\000e\000\361\000a}{section.4.4}% 67
\BOOKMARK [2][-]{subsection.4.4.3}{\376\377\000M\000o\000d\000e\000l\000o\000s\000\040\000c\000o\000n\000\040\000\372\000n\000i\000c\000o\000\040\000i\000n\000t\000e\000r\000c\000e\000p\000t\000o\000\040\000e\000n\000\040\000t\000o\000d\000a\000s\000\040\000l\000a\000s\000\040\000\341\000r\000e\000a\000s\000\040\000p\000e\000q\000u\000e\000\361\000a\000s}{section.4.4}% 68
\BOOKMARK [1][-]{section.4.5}{\376\377\000A\000j\000u\000s\000t\000e\000\040\000d\000e\000l\000\040\000M\000o\000d\000e\000l\000o\000\040\000p\000r\000o\000b\000i\000t\000\040\000o\000r\000d\000e\000n\000a\000d\000o\000\040\000s\000e\000s\000g\000a\000d\000o\000\040\000c\000o\000n\000\040\000v\000a\000r\000i\000a\000b\000l\000e\000\040\000l\000a\000t\000e\000n\000t\000e\000,\000\040\000d\000a\000t\000o\000s\000\040\000s\000i\000m\000u\000l\000a\000d\000o\000s}{chapter.4}% 69
\BOOKMARK [2][-]{subsection.4.5.1}{\376\377\000M\000o\000d\000e\000l\000o\000s\000\040\000s\000i\000n\000\040\000i\000n\000t\000e\000r\000c\000e\000p\000t\000o\000s\000\040\000e\000n\000\040\000c\000\341\000d\000a\000\040\000\341\000r\000e\000a\000\040\000p\000e\000q\000u\000e\000\361\000a}{section.4.5}% 70
\BOOKMARK [2][-]{subsection.4.5.2}{\376\377\000M\000o\000d\000e\000l\000o\000s\000\040\000c\000o\000n\000\040\000i\000n\000t\000e\000r\000c\000e\000p\000t\000o\000s\000\040\000e\000n\000\040\000c\000a\000d\000a\000\040\000\341\000r\000e\000a\000\040\000p\000e\000q\000u\000e\000\361\000a}{section.4.5}% 71
\BOOKMARK [2][-]{subsection.4.5.3}{\376\377\000M\000o\000d\000e\000l\000o\000s\000\040\000c\000o\000n\000\040\000\372\000n\000i\000c\000o\000\040\000i\000n\000t\000e\000r\000c\000e\000p\000t\000o\000\040\000e\000n\000\040\000t\000o\000d\000a\000s\000\040\000l\000a\000s\000\040\000\341\000r\000e\000a\000s\000\040\000p\000e\000q\000u\000e\000\361\000a\000s}{section.4.5}% 72
\BOOKMARK [1][-]{section.4.6}{\376\377\000A\000n\000\341\000l\000i\000s\000i\000s\000\040\000d\000e\000s\000c\000r\000i\000p\000t\000i\000v\000o\000\040\000d\000e\000l\000\040\000c\000o\000n\000j\000u\000n\000t\000o\000\040\000d\000e\000\040\000d\000a\000t\000o\000s\000\040\000d\000e\000l\000\040\000I\000C\000T\000P\000C}{chapter.4}% 73
\BOOKMARK [1][-]{section.4.7}{\376\377\000A\000j\000u\000s\000t\000e\000\040\000d\000e\000l\000\040\000M\000o\000d\000e\000l\000o\000\040\000l\000o\000g\000-\000n\000o\000r\000m\000a\000l\000\040\000a\000s\000i\000m\000\351\000t\000r\000i\000c\000o\000,\000\040\000d\000a\000t\000o\000s\000\040\000d\000e\000l\000\040\000I\000C\000T\000P\000C}{chapter.4}% 74
\BOOKMARK [2][-]{subsection.4.7.1}{\376\377\000V\000a\000l\000i\000d\000a\000c\000i\000\363\000n\000\040\000\050\000e\000n\000t\000r\000e\000n\000a\000m\000i\000e\000n\000t\000o\000-\000p\000r\000u\000e\000b\000a\000\051}{section.4.7}% 75
\BOOKMARK [2][-]{subsection.4.7.2}{\376\377\000P\000r\000o\000n\000\363\000s\000t\000i\000c\000o\000\040\000d\000e\000\040\000n\000u\000e\000v\000a\000s\000\040\000o\000b\000s\000e\000r\000v\000a\000c\000i\000o\000n\000e\000s\000\040\000\050\000n\000i\000=\0000\000\051}{section.4.7}% 76
\BOOKMARK [1][-]{section.4.8}{\376\377\000A\000j\000u\000s\000t\000e\000\040\000d\000e\000l\000\040\000M\000o\000d\000e\000l\000o\000\040\000p\000r\000o\000b\000i\000t\000\040\000s\000e\000s\000g\000a\000d\000o\000\040\000c\000o\000n\000\040\000v\000a\000r\000i\000a\000b\000l\000e\000\040\000l\000a\000t\000e\000n\000t\000e\000,\000\040\000d\000a\000t\000o\000s\000\040\000d\000e\000l\000\040\000I\000C\000T\000P\000C}{chapter.4}% 77
\BOOKMARK [2][-]{subsection.4.8.1}{\376\377\000V\000a\000l\000i\000d\000a\000c\000i\000\363\000n\000\040\000\050\000e\000n\000t\000r\000e\000n\000a\000m\000i\000e\000n\000t\000o\000-\000p\000r\000u\000e\000b\000a\000\051}{section.4.8}% 78
\BOOKMARK [1][-]{section.4.9}{\376\377\000A\000j\000u\000s\000t\000e\000\040\000d\000e\000l\000\040\000M\000o\000d\000e\000l\000o\000\040\000p\000r\000o\000b\000i\000t\000\040\000o\000r\000d\000e\000n\000a\000d\000o\000\040\000s\000e\000s\000g\000a\000d\000o\000\040\000c\000o\000n\000\040\000v\000a\000r\000i\000a\000b\000l\000e\000\040\000l\000a\000t\000e\000n\000t\000e\000,\000\040\000d\000a\000t\000o\000s\000\040\000d\000e\000l\000\040\000I\000C\000T\000P\000C}{chapter.4}% 79
\BOOKMARK [2][-]{subsection.4.9.1}{\376\377\000V\000a\000l\000i\000d\000a\000c\000i\000\363\000n\000\040\000\050\000e\000n\000t\000r\000e\000n\000a\000m\000i\000e\000n\000t\000o\000-\000p\000r\000u\000e\000b\000a\000\051}{section.4.9}% 80
\BOOKMARK [1][-]{section.4.10}{\376\377\000E\000s\000t\000i\000m\000a\000c\000i\000o\000n\000e\000s\000\040\000d\000e\000\040\000\040\000e\000n\000\040\000l\000o\000s\000\040\000t\000r\000e\000s\000\040\000m\000o\000d\000e\000l\000o\000s\000,\000\040\000d\000a\000t\000o\000s\000\040\000d\000e\000l\000\040\000I\000C\000T\000P\000C}{chapter.4}% 81
\BOOKMARK [0][-]{chapter.5}{\376\377\000C\000A\000P\000\315\000T\000U\000L\000O\000\040\0005\000.\000\040\000\040\000D\000I\000S\000C\000U\000S\000I\000\323\000N\000\040\000D\000E\000\040\000L\000O\000S\000\040\000R\000E\000S\000U\000L\000T\000A\000D\000O\000S}{}% 82
\BOOKMARK [1][-]{section.5.1}{\376\377\000E\000s\000t\000u\000d\000i\000o\000\040\000d\000e\000\040\000s\000i\000m\000u\000l\000a\000c\000i\000\363\000n}{chapter.5}% 83
\BOOKMARK [2][-]{subsection.5.1.1}{\376\377\000I\000n\000t\000e\000r\000a\000c\000c\000i\000\363\000n\000\040\000e\000n\000t\000r\000e\000\040\000i\000\040\000y\000\040\000i}{section.5.1}% 84
\BOOKMARK [2][-]{subsection.5.1.2}{\376\377\000I\000d\000e\000n\000t\000i\000f\000i\000c\000a\000c\000i\000\363\000n\000\040\000d\000e\000\040\000i}{section.5.1}% 85
\BOOKMARK [2][-]{subsection.5.1.3}{\376\377\000M\000o\000d\000e\000l\000o\000\040\000l\000o\000g\000-\000n\000o\000r\000m\000a\000l\000\040\000s\000e\000s\000g\000a\000d\000o}{section.5.1}% 86
\BOOKMARK [2][-]{subsection.5.1.4}{\376\377\000M\000o\000d\000e\000l\000o\000\040\000p\000r\000o\000b\000i\000t\000\040\000s\000e\000s\000g\000a\000d\000o\000\040\000l\000a\000t\000e\000n\000t\000e}{section.5.1}% 87
\BOOKMARK [2][-]{subsection.5.1.5}{\376\377\000M\000o\000d\000e\000l\000o\000\040\000p\000r\000o\000b\000i\000t\000\040\000o\000r\000d\000e\000n\000a\000d\000o\000\040\000s\000e\000s\000g\000a\000d\000o\000\040\000l\000a\000t\000e\000n\000t\000e}{section.5.1}% 88
\BOOKMARK [1][-]{section.5.2}{\376\377\000D\000a\000t\000o\000s\000\040\000d\000e\000l\000\040\000I\000C\000T\000P\000C}{chapter.5}% 89
\BOOKMARK [2][-]{subsection.5.2.1}{\376\377\000M\000o\000d\000e\000l\000o\000\040\000l\000o\000g\000-\000n\000o\000r\000m\000a\000l\000\040\000s\000e\000s\000g\000a\000d\000o}{section.5.2}% 90
\BOOKMARK [2][-]{subsection.5.2.2}{\376\377\000M\000o\000d\000e\000l\000o\000\040\000p\000r\000o\000b\000i\000t\000\040\000s\000e\000s\000g\000a\000d\000o\000\040\000l\000a\000t\000e\000n\000t\000e}{section.5.2}% 91
\BOOKMARK [2][-]{subsection.5.2.3}{\376\377\000M\000o\000d\000e\000l\000o\000\040\000p\000r\000o\000b\000i\000t\000\040\000o\000r\000d\000e\000n\000a\000d\000o\000\040\000s\000e\000s\000g\000a\000d\000o\000\040\000l\000a\000t\000e\000n\000t\000e}{section.5.2}% 92
\BOOKMARK [0][-]{chapter.6}{\376\377\000C\000A\000P\000\315\000T\000U\000L\000O\000\040\0006\000.\000\040\000\040\000C\000O\000N\000C\000L\000U\000S\000I\000O\000N\000E\000S\000\040\000Y\000\040\000R\000E\000C\000O\000M\000E\000N\000D\000A\000C\000I\000O\000N\000E\000S}{}% 93
\BOOKMARK [1][-]{section.6.1}{\376\377\000R\000e\000c\000o\000m\000e\000n\000d\000a\000c\000i\000o\000n\000e\000s}{chapter.6}% 94
\BOOKMARK [0][-]{chapter*.131}{\376\377\000A\000N\000E\000X\000O\000S}{}% 95
\BOOKMARK [1][-]{chapter*.132}{\376\377\000A\000n\000e\000x\000o\000\040\000A}{chapter*.131}% 96
\BOOKMARK [1][-]{equation.6.20}{\376\377\000A\000n\000e\000x\000o\000\040\000B}{chapter*.131}% 97
\BOOKMARK [1][-]{equation.6.20}{\376\377\000A\000n\000e\000x\000o\000\040\000C}{chapter*.131}% 98
\BOOKMARK [1][-]{equation.6.20}{\376\377\000A\000n\000e\000x\000o\000\040\000D}{chapter*.131}% 99
